
> promptimg@0.1.0 start
> react-scripts start

(node:851) [DEP_WEBPACK_DEV_SERVER_ON_AFTER_SETUP_MIDDLEWARE] DeprecationWarning: 'onAfterSetupMiddleware' option is deprecated. Please use the 'setupMiddlewares' option.
(Use `node --trace-deprecation ...` to show where the warning was created)
(node:851) [DEP_WEBPACK_DEV_SERVER_ON_BEFORE_SETUP_MIDDLEWARE] DeprecationWarning: 'onBeforeSetupMiddleware' option is deprecated. Please use the 'setupMiddlewares' option.
Starting the development server...

Compiled successfully!

You can now view promptimg in the browser.

  Local:            http://localhost:3000
  On Your Network:  http://10.0.1.163:3000

Note that the development build is not optimized.
To create a production build, use npm run build.

webpack compiled successfully
Compiling...
Failed to compile.

[eslint] 
src/App.js
Syntax error: Unexpected token (8:2) (8:2)
ERROR in ./src/App.js
Module build failed (from ./node_modules/babel-loader/lib/index.js):
SyntaxError: /workspaces/react-example/src/App.js: Unexpected token (8:2)

   6 |   return (
   7 |     <
>  8 |   );
     |   ^
   9 | }
  10 |
  11 | export default App;
    at constructor (/workspaces/react-example/node_modules/@babel/parser/lib/index.js:362:19)
    at FlowParserMixin.raise (/workspaces/react-example/node_modules/@babel/parser/lib/index.js:3259:19)
    at FlowParserMixin.unexpected (/workspaces/react-example/node_modules/@babel/parser/lib/index.js:3279:16)
    at FlowParserMixin.jsxParseIdentifier (/workspaces/react-example/node_modules/@babel/parser/lib/index.js:6616:12)
    at FlowParserMixin.jsxParseNamespacedName (/workspaces/react-example/node_modules/@babel/parser/lib/index.js:6623:23)
    at FlowParserMixin.jsxParseElementName (/workspaces/react-example/node_modules/@babel/parser/lib/index.js:6632:21)
    at FlowParserMixin.jsxParseOpeningElementAt (/workspaces/react-example/node_modules/@babel/parser/lib/index.js:6708:22)
    at FlowParserMixin.jsxParseElementAt (/workspaces/react-example/node_modules/@babel/parser/lib/index.js:6733:33)
    at FlowParserMixin.jsxParseElement (/workspaces/react-example/node_modules/@babel/parser/lib/index.js:6796:17)
    at FlowParserMixin.parseExprAtom (/workspaces/react-example/node_modules/@babel/parser/lib/index.js:6806:19)
    at FlowParserMixin.parseExprSubscripts (/workspaces/react-example/node_modules/@babel/parser/lib/index.js:10591:23)
    at FlowParserMixin.parseUpdate (/workspaces/react-example/node_modules/@babel/parser/lib/index.js:10576:21)
    at FlowParserMixin.parseMaybeUnary (/workspaces/react-example/node_modules/@babel/parser/lib/index.js:10556:23)
    at FlowParserMixin.parseMaybeUnaryOrPrivate (/workspaces/react-example/node_modules/@babel/parser/lib/index.js:10410:61)
    at FlowParserMixin.parseExprOps (/workspaces/react-example/node_modules/@babel/parser/lib/index.js:10415:23)
    at FlowParserMixin.parseMaybeConditional (/workspaces/react-example/node_modules/@babel/parser/lib/index.js:10392:23)
    at FlowParserMixin.parseMaybeAssign (/workspaces/react-example/node_modules/@babel/parser/lib/index.js:10355:21)
    at /workspaces/react-example/node_modules/@babel/parser/lib/index.js:5627:39
    at FlowParserMixin.tryParse (/workspaces/react-example/node_modules/@babel/parser/lib/index.js:3597:20)
    at FlowParserMixin.parseMaybeAssign (/workspaces/react-example/node_modules/@babel/parser/lib/index.js:5627:18)
    at /workspaces/react-example/node_modules/@babel/parser/lib/index.js:10325:39
    at FlowParserMixin.allowInAnd (/workspaces/react-example/node_modules/@babel/parser/lib/index.js:11937:12)
    at FlowParserMixin.parseMaybeAssignAllowIn (/workspaces/react-example/node_modules/@babel/parser/lib/index.js:10325:17)
    at FlowParserMixin.parseParenAndDistinguishExpression (/workspaces/react-example/node_modules/@babel/parser/lib/index.js:11196:28)
    at FlowParserMixin.parseParenAndDistinguishExpression (/workspaces/react-example/node_modules/@babel/parser/lib/index.js:5720:18)
    at FlowParserMixin.parseExprAtom (/workspaces/react-example/node_modules/@babel/parser/lib/index.js:10849:23)
    at FlowParserMixin.parseExprAtom (/workspaces/react-example/node_modules/@babel/parser/lib/index.js:6811:20)
    at FlowParserMixin.parseExprSubscripts (/workspaces/react-example/node_modules/@babel/parser/lib/index.js:10591:23)
    at FlowParserMixin.parseUpdate (/workspaces/react-example/node_modules/@babel/parser/lib/index.js:10576:21)
    at FlowParserMixin.parseMaybeUnary (/workspaces/react-example/node_modules/@babel/parser/lib/index.js:10556:23)
    at FlowParserMixin.parseMaybeUnaryOrPrivate (/workspaces/react-example/node_modules/@babel/parser/lib/index.js:10410:61)
    at FlowParserMixin.parseExprOps (/workspaces/react-example/node_modules/@babel/parser/lib/index.js:10415:23)
    at FlowParserMixin.parseMaybeConditional (/workspaces/react-example/node_modules/@babel/parser/lib/index.js:10392:23)
    at FlowParserMixin.parseMaybeAssign (/workspaces/react-example/node_modules/@babel/parser/lib/index.js:10355:21)
    at FlowParserMixin.parseMaybeAssign (/workspaces/react-example/node_modules/@babel/parser/lib/index.js:5678:18)
    at FlowParserMixin.parseExpressionBase (/workspaces/react-example/node_modules/@babel/parser/lib/index.js:10309:23)
    at /workspaces/react-example/node_modules/@babel/parser/lib/index.js:10305:39
    at FlowParserMixin.allowInAnd (/workspaces/react-example/node_modules/@babel/parser/lib/index.js:11932:16)
    at FlowParserMixin.parseExpression (/workspaces/react-example/node_modules/@babel/parser/lib/index.js:10305:17)
    at FlowParserMixin.parseReturnStatement (/workspaces/react-example/node_modules/@babel/parser/lib/index.js:12622:28)
    at FlowParserMixin.parseStatementContent (/workspaces/react-example/node_modules/@babel/parser/lib/index.js:12274:21)
    at FlowParserMixin.parseStatementLike (/workspaces/react-example/node_modules/@babel/parser/lib/index.js:12243:17)
    at FlowParserMixin.parseStatementLike (/workspaces/react-example/node_modules/@babel/parser/lib/index.js:5047:24)
    at FlowParserMixin.parseStatementListItem (/workspaces/react-example/node_modules/@babel/parser/lib/index.js:12223:17)
    at FlowParserMixin.parseBlockOrModuleBlockBody (/workspaces/react-example/node_modules/@babel/parser/lib/index.js:12796:61)
    at FlowParserMixin.parseBlockBody (/workspaces/react-example/node_modules/@babel/parser/lib/index.js:12789:10)
    at FlowParserMixin.parseBlock (/workspaces/react-example/node_modules/@babel/parser/lib/index.js:12777:10)
    at FlowParserMixin.parseFunctionBody (/workspaces/react-example/node_modules/@babel/parser/lib/index.js:11620:24)
    at FlowParserMixin.parseFunctionBody (/workspaces/react-example/node_modules/@babel/parser/lib/index.js:5024:11)
    at FlowParserMixin.parseFunctionBodyAndFinish (/workspaces/react-example/node_modules/@babel/parser/lib/index.js:11606:10)

ERROR in [eslint] 
src/App.js
  Line 8:2:  Parsing error: Unexpected token (8:2)

webpack compiled with 2 errors
Compiling...
Failed to compile.

[eslint] 
src/App.js
  Line 7:6:  'LandingPage' is not defined  react/jsx-no-undef

Search for the keywords to learn more about each error.
WARNING in [eslint] 
src/App.js
  Line 2:8:  'logo' is defined but never used  no-unused-vars

ERROR in [eslint] 
src/App.js
  Line 7:6:  'LandingPage' is not defined  react/jsx-no-undef

Search for the keywords to learn more about each error.

webpack compiled with 1 error and 1 warning
Compiling...
Failed to compile.

[eslint] 
src/App.js
Syntax error: Unexpected token, expected "from" (6:0) (6:undefined)
ERROR in ./src/App.js
Module build failed (from ./node_modules/babel-loader/lib/index.js):
SyntaxError: /workspaces/react-example/src/App.js: Unexpected token, expected "from" (6:0)

  4 | import LandingPag
  5 |
> 6 | function App() {
    | ^
  7 |   return (
  8 |     <LandingPage />
  9 |   );
    at constructor (/workspaces/react-example/node_modules/@babel/parser/lib/index.js:362:19)
    at FlowParserMixin.raise (/workspaces/react-example/node_modules/@babel/parser/lib/index.js:3259:19)
    at FlowParserMixin.unexpected (/workspaces/react-example/node_modules/@babel/parser/lib/index.js:3279:16)
    at FlowParserMixin.expectContextual (/workspaces/react-example/node_modules/@babel/parser/lib/index.js:3568:12)
    at FlowParserMixin.parseImportSpecifiersAndAfter (/workspaces/react-example/node_modules/@babel/parser/lib/index.js:13712:10)
    at FlowParserMixin.parseImport (/workspaces/react-example/node_modules/@babel/parser/lib/index.js:13704:17)
    at FlowParserMixin.parseStatementContent (/workspaces/react-example/node_modules/@babel/parser/lib/index.js:12351:27)
    at FlowParserMixin.parseStatementLike (/workspaces/react-example/node_modules/@babel/parser/lib/index.js:12243:17)
    at FlowParserMixin.parseStatementLike (/workspaces/react-example/node_modules/@babel/parser/lib/index.js:5047:24)
    at FlowParserMixin.parseModuleItem (/workspaces/react-example/node_modules/@babel/parser/lib/index.js:12220:17)
    at FlowParserMixin.parseBlockOrModuleBlockBody (/workspaces/react-example/node_modules/@babel/parser/lib/index.js:12796:36)
    at FlowParserMixin.parseBlockBody (/workspaces/react-example/node_modules/@babel/parser/lib/index.js:12789:10)
    at FlowParserMixin.parseProgram (/workspaces/react-example/node_modules/@babel/parser/lib/index.js:12117:10)
    at FlowParserMixin.parseTopLevel (/workspaces/react-example/node_modules/@babel/parser/lib/index.js:12107:25)
    at FlowParserMixin.parseTopLevel (/workspaces/react-example/node_modules/@babel/parser/lib/index.js:5814:28)
    at FlowParserMixin.parse (/workspaces/react-example/node_modules/@babel/parser/lib/index.js:13923:10)
    at parse (/workspaces/react-example/node_modules/@babel/parser/lib/index.js:13957:38)
    at parser (/workspaces/react-example/node_modules/@babel/core/lib/parser/index.js:41:34)
    at parser.next (<anonymous>)
    at normalizeFile (/workspaces/react-example/node_modules/@babel/core/lib/transformation/normalize-file.js:64:37)
    at normalizeFile.next (<anonymous>)
    at run (/workspaces/react-example/node_modules/@babel/core/lib/transformation/index.js:21:50)
    at run.next (<anonymous>)
    at transform (/workspaces/react-example/node_modules/@babel/core/lib/transform.js:22:33)
    at transform.next (<anonymous>)
    at step (/workspaces/react-example/node_modules/gensync/index.js:261:32)
    at /workspaces/react-example/node_modules/gensync/index.js:273:13
    at async.call.result.err.err (/workspaces/react-example/node_modules/gensync/index.js:223:11)

ERROR in [eslint] 
src/App.js
  Line 6:  Parsing error: Unexpected token, expected "from" (6:0)

webpack compiled with 2 errors
Compiling...
Failed to compile.

[eslint] 
src/App.js
Syntax error: Unexpected token (6:0) (6:undefined)
ERROR in ./src/App.js
Module build failed (from ./node_modules/babel-loader/lib/index.js):
SyntaxError: /workspaces/react-example/src/App.js: Unexpected token (6:0)

  4 | import LandingPage from 
  5 |
> 6 | function App() {
    | ^
  7 |   return (
  8 |     <LandingPage />
  9 |   );
    at constructor (/workspaces/react-example/node_modules/@babel/parser/lib/index.js:362:19)
    at FlowParserMixin.raise (/workspaces/react-example/node_modules/@babel/parser/lib/index.js:3259:19)
    at FlowParserMixin.unexpected (/workspaces/react-example/node_modules/@babel/parser/lib/index.js:3279:16)
    at FlowParserMixin.parseImportSource (/workspaces/react-example/node_modules/@babel/parser/lib/index.js:13726:32)
    at FlowParserMixin.parseImportSourceAndAttributes (/workspaces/react-example/node_modules/@babel/parser/lib/index.js:13718:24)
    at FlowParserMixin.parseImportSpecifiersAndAfter (/workspaces/react-example/node_modules/@babel/parser/lib/index.js:13713:17)
    at FlowParserMixin.parseImport (/workspaces/react-example/node_modules/@babel/parser/lib/index.js:13704:17)
    at FlowParserMixin.parseStatementContent (/workspaces/react-example/node_modules/@babel/parser/lib/index.js:12351:27)
    at FlowParserMixin.parseStatementLike (/workspaces/react-example/node_modules/@babel/parser/lib/index.js:12243:17)
    at FlowParserMixin.parseStatementLike (/workspaces/react-example/node_modules/@babel/parser/lib/index.js:5047:24)
    at FlowParserMixin.parseModuleItem (/workspaces/react-example/node_modules/@babel/parser/lib/index.js:12220:17)
    at FlowParserMixin.parseBlockOrModuleBlockBody (/workspaces/react-example/node_modules/@babel/parser/lib/index.js:12796:36)
    at FlowParserMixin.parseBlockBody (/workspaces/react-example/node_modules/@babel/parser/lib/index.js:12789:10)
    at FlowParserMixin.parseProgram (/workspaces/react-example/node_modules/@babel/parser/lib/index.js:12117:10)
    at FlowParserMixin.parseTopLevel (/workspaces/react-example/node_modules/@babel/parser/lib/index.js:12107:25)
    at FlowParserMixin.parseTopLevel (/workspaces/react-example/node_modules/@babel/parser/lib/index.js:5814:28)
    at FlowParserMixin.parse (/workspaces/react-example/node_modules/@babel/parser/lib/index.js:13923:10)
    at parse (/workspaces/react-example/node_modules/@babel/parser/lib/index.js:13957:38)
    at parser (/workspaces/react-example/node_modules/@babel/core/lib/parser/index.js:41:34)
    at parser.next (<anonymous>)
    at normalizeFile (/workspaces/react-example/node_modules/@babel/core/lib/transformation/normalize-file.js:64:37)
    at normalizeFile.next (<anonymous>)
    at run (/workspaces/react-example/node_modules/@babel/core/lib/transformation/index.js:21:50)
    at run.next (<anonymous>)
    at transform (/workspaces/react-example/node_modules/@babel/core/lib/transform.js:22:33)
    at transform.next (<anonymous>)
    at step (/workspaces/react-example/node_modules/gensync/index.js:261:32)
    at /workspaces/react-example/node_modules/gensync/index.js:273:13
    at async.call.result.err.err (/workspaces/react-example/node_modules/gensync/index.js:223:11)

ERROR in [eslint] 
src/App.js
  Line 6:  Parsing error: Unexpected token (6:0)

webpack compiled with 2 errors
Compiling...
Failed to compile.

Module not found: Error: Empty dependency (no request)
WARNING in [eslint] 
src/App.js
  Line 2:8:  'logo' is defined but never used  no-unused-vars

ERROR in ./src/App.js 7:0-27
Module not found: Error: Empty dependency (no request)

webpack compiled with 1 error and 1 warning
Compiling...
Failed to compile.

Attempted import error: '.' does not contain a default export (imported as 'LandingPage').
WARNING in [eslint] 
src/App.js
  Line 2:8:  'logo' is defined but never used  no-unused-vars

ERROR in ./src/App.js 10:30-41
export 'default' (imported as 'LandingPage') was not found in '.' (module has no exports)

webpack compiled with 1 error and 1 warning
Compiling...
Failed to compile.

Attempted import error: './' does not contain a default export (imported as 'LandingPage').
WARNING in [eslint] 
src/App.js
  Line 2:8:  'logo' is defined but never used  no-unused-vars

ERROR in ./src/App.js 10:30-41
export 'default' (imported as 'LandingPage') was not found in './' (module has no exports)

webpack compiled with 1 error and 1 warning
Compiling...
Failed to compile.

Module not found: Error: Can't resolve './components' in '/workspaces/react-example/src'
WARNING in [eslint] 
src/App.js
  Line 2:8:  'logo' is defined but never used  no-unused-vars

ERROR in ./src/App.js 7:0-39
Module not found: Error: Can't resolve './components' in '/workspaces/react-example/src'

webpack compiled with 1 error and 1 warning
Compiling...
Failed to compile.

Module not found: Error: Can't resolve 'react-scroll' in '/workspaces/react-example/src/components'
WARNING in [eslint] 
src/App.js
  Line 2:8:  'logo' is defined but never used  no-unused-vars

ERROR in ./src/components/Header.js 6:0-36
Module not found: Error: Can't resolve 'react-scroll' in '/workspaces/react-example/src/components'

webpack compiled with 1 error and 1 warning
Compiling...
Failed to compile.

Module not found: Error: Can't resolve 'react-scroll' in '/workspaces/react-example/src/components'
WARNING in [eslint] 
src/App.js
  Line 2:8:  'logo' is defined but never used  no-unused-vars

ERROR in ./src/components/Header.js 6:0-36
Module not found: Error: Can't resolve 'react-scroll' in '/workspaces/react-example/src/components'

webpack compiled with 1 error and 1 warning
Compiling...
Failed to compile.

Module not found: Error: Can't resolve 'react-scroll' in '/workspaces/react-example/src/components'
LOG from webpack.FileSystemInfo
<w> Managed item /workspaces/react-example/node_modules/react-scroll isn't a directory or doesn't contain a package.json (see snapshot.managedPaths option)
+ 13 hidden lines

WARNING in [eslint] 
src/App.js
  Line 2:8:  'logo' is defined but never used  no-unused-vars

ERROR in ./src/components/Header.js 6:0-36
Module not found: Error: Can't resolve 'react-scroll' in '/workspaces/react-example/src/components'

webpack compiled with 1 error and 1 warning
Compiling...
Compiled with warnings.

[eslint] 
src/App.js
  Line 2:8:  'logo' is defined but never used  no-unused-vars

Search for the keywords to learn more about each warning.
To ignore, add // eslint-disable-next-line to the line before.

WARNING in [eslint] 
src/App.js
  Line 2:8:  'logo' is defined but never used  no-unused-vars

webpack compiled with 1 warning
Compiling...
Compiled with warnings.

[eslint] 
src/App.js
  Line 2:8:  'logo' is defined but never used  no-unused-vars

Search for the keywords to learn more about each warning.
To ignore, add // eslint-disable-next-line to the line before.

WARNING in [eslint] 
src/App.js
  Line 2:8:  'logo' is defined but never used  no-unused-vars

webpack compiled with 1 warning
Compiling...
Compiled with warnings.

[eslint] 
src/App.js
  Line 2:8:  'logo' is defined but never used  no-unused-vars

Search for the keywords to learn more about each warning.
To ignore, add // eslint-disable-next-line to the line before.

WARNING in [eslint] 
src/App.js
  Line 2:8:  'logo' is defined but never used  no-unused-vars

webpack compiled with 1 warning
Compiling...
Compiled with warnings.

[eslint] 
src/App.js
  Line 2:8:  'logo' is defined but never used  no-unused-vars

Search for the keywords to learn more about each warning.
To ignore, add // eslint-disable-next-line to the line before.

WARNING in [eslint] 
src/App.js
  Line 2:8:  'logo' is defined but never used  no-unused-vars

webpack compiled with 1 warning
Compiling...
Compiled with warnings.

[eslint] 
src/App.js
  Line 2:8:  'logo' is defined but never used  no-unused-vars

Search for the keywords to learn more about each warning.
To ignore, add // eslint-disable-next-line to the line before.

WARNING in [eslint] 
src/App.js
  Line 2:8:  'logo' is defined but never used  no-unused-vars

webpack compiled with 1 warning
Compiling...
Compiled with warnings.

[eslint] 
src/App.js
  Line 2:8:  'logo' is defined but never used  no-unused-vars

Search for the keywords to learn more about each warning.
To ignore, add // eslint-disable-next-line to the line before.

WARNING in [eslint] 
src/App.js
  Line 2:8:  'logo' is defined but never used  no-unused-vars

webpack compiled with 1 warning
Compiling...
Compiled with warnings.

[eslint] 
src/App.js
  Line 2:8:  'logo' is defined but never used  no-unused-vars

Search for the keywords to learn more about each warning.
To ignore, add // eslint-disable-next-line to the line before.

WARNING in [eslint] 
src/App.js
  Line 2:8:  'logo' is defined but never used  no-unused-vars

webpack compiled with 1 warning
